#
# A fatal error has been detected by the Java Runtime Environment:
#
#  Internal Error (classFileParser.cpp:3494), pid=6571, tid=140027690096384
#  Error: ShouldNotReachHere()
#
# JRE version: 6.0_23-b23
# Java VM: OpenJDK 64-Bit Server VM (20.0-b11 mixed mode linux-amd64 compressed oops)
# Derivative: IcedTea6 1.11pre
# Distribution: Ubuntu 11.10, package 6b23~pre11-0ubuntu1.11.10
# If you would like to submit a bug report, please include
# instructions how to reproduce the bug and visit:
#   https://bugs.launchpad.net/ubuntu/+source/openjdk-6/
#

---------------  T H R E A D  ---------------

Current thread (0x0000000002433000):  JavaThread "Unknown thread" [_thread_in_vm, id=6572, stack(0x00007f5abcaa1000,0x00007f5abcba2000)]

Stack: [0x00007f5abcaa1000,0x00007f5abcba2000],  sp=0x00007f5abcba0060,  free space=1020k
Native frames: (J=compiled Java code, j=interpreted, Vv=VM code, C=native code)
V  [libjvm.so+0x783225]  VMError::report(outputStream*)+0x1255
V  [libjvm.so+0x7834a9]  VMError::report_and_die()+0x169
V  [libjvm.so+0x3bb13a]  report_vm_error(char const*, int, char const*, char const*)+0x4a
V  [libjvm.so+0x351515]  ClassFileParser::parseClassFile(symbolHandle, Handle, Handle, KlassHandle, GrowableArray<Handle>*, symbolHandle&, bool, Thread*)+0x1545
V  [libjvm.so+0x355773]  ClassLoader::load_classfile(symbolHandle, Thread*)+0x1f3
V  [libjvm.so+0x71b564]  SystemDictionary::load_instance_class(symbolHandle, Handle, Thread*)+0x354
V  [libjvm.so+0x719c70]  SystemDictionary::resolve_instance_class_or_null(symbolHandle, Handle, Handle, Thread*)+0x7c0
V  [libjvm.so+0x71bbf3]  SystemDictionary::resolve_or_fail(symbolHandle, Handle, Handle, bool, Thread*)+0x33
V  [libjvm.so+0x71bcd4]  SystemDictionary::resolve_or_fail(symbolHandle, bool, Thread*)+0x14
V  [libjvm.so+0x71bd80]  SystemDictionary::initialize_wk_klass(SystemDictionary::WKID, int, Thread*)+0xa0
V  [libjvm.so+0x71bde9]  SystemDictionary::initialize_wk_klasses_until(SystemDictionary::WKID, SystemDictionary::WKID&, Thread*)+0x59
V  [libjvm.so+0x71bee1]  SystemDictionary::initialize_preloaded_classes(Thread*)+0x71
V  [libjvm.so+0x75f65f]  Universe::genesis(Thread*)+0x11f
V  [libjvm.so+0x76000f]  universe2_init()+0x1f
V  [libjvm.so+0x473ea5]  init_globals()+0x95
V  [libjvm.so+0x749f9a]  Threads::create_vm(JavaVMInitArgs*, bool*)+0x1ea
V  [libjvm.so+0x4cdb51]  JNI_CreateJavaVM+0x61
C  [java+0x315e]  JavaMain+0x7e


---------------  P R O C E S S  ---------------

Java Threads: ( => current thread )

Other Threads:

=>0x0000000002433000 (exited) JavaThread "Unknown thread" [_thread_in_vm, id=6572, stack(0x00007f5abcaa1000,0x00007f5abcba2000)]

VM state:not at safepoint (not fully initialized)

VM Mutex/Monitor currently owned by a thread: None

Dynamic libraries:
00400000-00409000 r-xp 00000000 08:06 6690858                            /usr/lib/jvm/java-6-openjdk/jre/bin/java
00608000-00609000 r--p 00008000 08:06 6690858                            /usr/lib/jvm/java-6-openjdk/jre/bin/java
00609000-0060a000 rw-p 00009000 08:06 6690858                            /usr/lib/jvm/java-6-openjdk/jre/bin/java
02426000-024b7000 rw-p 00000000 00:00 0                                  [heap]
bba00000-bcec0000 rw-p 00000000 00:00 0 
bcec0000-c6000000 rw-p 00000000 00:00 0 
c6000000-c86a0000 rw-p 00000000 00:00 0 
c86a0000-ecab0000 rw-p 00000000 00:00 0 
ecab0000-ede00000 rw-p 00000000 00:00 0 
ede00000-100000000 rw-p 00000000 00:00 0 
7f5ab5878000-7f5ab58dd000 r--s 004cb000 08:06 7740424                    /home/statuskwo5/android-sdk-linux_x86/platforms/android-8/android.jar
7f5ab58dd000-7f5ab5905000 rw-p 00000000 00:00 0 
7f5ab5905000-7f5ab5906000 ---p 00000000 00:00 0 
7f5ab5906000-7f5ab5a06000 rw-p 00000000 00:00 0 
7f5ab5a06000-7f5ab5a07000 ---p 00000000 00:00 0 
7f5ab5a07000-7f5ab5b12000 rw-p 00000000 00:00 0 
7f5ab5b12000-7f5ab5b5a000 rw-p 00000000 00:00 0 
7f5ab5b5a000-7f5ab5b6e000 rw-p 00000000 00:00 0 
7f5ab5b6e000-7f5ab5c90000 rw-p 00000000 00:00 0 
7f5ab5c90000-7f5ab5c9b000 rw-p 00000000 00:00 0 
7f5ab5c9b000-7f5ab5ce3000 rw-p 00000000 00:00 0 
7f5ab5ce3000-7f5ab5cf7000 rw-p 00000000 00:00 0 
7f5ab5cf7000-7f5ab5e18000 rw-p 00000000 00:00 0 
7f5ab5e18000-7f5ab5e22000 rw-p 00000000 00:00 0 
7f5ab5e22000-7f5ab5eb3000 rw-p 00000000 00:00 0 
7f5ab5eb3000-7f5ab5eb4000 rw-p 00000000 00:00 0 
7f5ab5eb4000-7f5ab6124000 rwxp 00000000 00:00 0 
7f5ab6124000-7f5ab8eb4000 rw-p 00000000 00:00 0 
7f5ab8eb4000-7f5ab8ebb000 r-xp 00000000 08:06 6816332                    /usr/lib/jvm/java-6-openjdk/jre/lib/amd64/libzip.so
7f5ab8ebb000-7f5ab90ba000 ---p 00007000 08:06 6816332                    /usr/lib/jvm/java-6-openjdk/jre/lib/amd64/libzip.so
7f5ab90ba000-7f5ab90bb000 r--p 00006000 08:06 6816332                    /usr/lib/jvm/java-6-openjdk/jre/lib/amd64/libzip.so
7f5ab90bb000-7f5ab90bc000 rw-p 00007000 08:06 6816332                    /usr/lib/jvm/java-6-openjdk/jre/lib/amd64/libzip.so
7f5ab90bc000-7f5ab90c8000 r-xp 00000000 08:06 7737071                    /lib/x86_64-linux-gnu/libnss_files-2.13.so
7f5ab90c8000-7f5ab92c7000 ---p 0000c000 08:06 7737071                    /lib/x86_64-linux-gnu/libnss_files-2.13.so
7f5ab92c7000-7f5ab92c8000 r--p 0000b000 08:06 7737071                    /lib/x86_64-linux-gnu/libnss_files-2.13.so
7f5ab92c8000-7f5ab92c9000 rw-p 0000c000 08:06 7737071                    /lib/x86_64-linux-gnu/libnss_files-2.13.so
7f5ab92c9000-7f5ab92d3000 r-xp 00000000 08:06 7737075                    /lib/x86_64-linux-gnu/libnss_nis-2.13.so
7f5ab92d3000-7f5ab94d3000 ---p 0000a000 08:06 7737075                    /lib/x86_64-linux-gnu/libnss_nis-2.13.so
7f5ab94d3000-7f5ab94d4000 r--p 0000a000 08:06 7737075                    /lib/x86_64-linux-gnu/libnss_nis-2.13.so
7f5ab94d4000-7f5ab94d5000 rw-p 0000b000 08:06 7737075                    /lib/x86_64-linux-gnu/libnss_nis-2.13.so
7f5ab94d5000-7f5ab94ec000 r-xp 00000000 08:06 7737065                    /lib/x86_64-linux-gnu/libnsl-2.13.so
7f5ab94ec000-7f5ab96eb000 ---p 00017000 08:06 7737065                    /lib/x86_64-linux-gnu/libnsl-2.13.so
7f5ab96eb000-7f5ab96ec000 r--p 00016000 08:06 7737065                    /lib/x86_64-linux-gnu/libnsl-2.13.so
7f5ab96ec000-7f5ab96ed000 rw-p 00017000 08:06 7737065                    /lib/x86_64-linux-gnu/libnsl-2.13.so
7f5ab96ed000-7f5ab96ef000 rw-p 00000000 00:00 0 
7f5ab96ef000-7f5ab96f7000 r-xp 00000000 08:06 7737067                    /lib/x86_64-linux-gnu/libnss_compat-2.13.so
7f5ab96f7000-7f5ab98f6000 ---p 00008000 08:06 7737067                    /lib/x86_64-linux-gnu/libnss_compat-2.13.so
7f5ab98f6000-7f5ab98f7000 r--p 00007000 08:06 7737067                    /lib/x86_64-linux-gnu/libnss_compat-2.13.so
7f5ab98f7000-7f5ab98f8000 rw-p 00008000 08:06 7737067                    /lib/x86_64-linux-gnu/libnss_compat-2.13.so
7f5ab98f8000-7f5ab9fe1000 r--p 00000000 08:06 5903628                    /usr/lib/locale/locale-archive
7f5ab9fe1000-7f5ab9fe4000 r-xp 00000000 08:06 6816324                    /usr/lib/jvm/java-6-openjdk/jre/lib/amd64/libnpt.so
7f5ab9fe4000-7f5aba1e3000 ---p 00003000 08:06 6816324                    /usr/lib/jvm/java-6-openjdk/jre/lib/amd64/libnpt.so
7f5aba1e3000-7f5aba1e4000 r--p 00002000 08:06 6816324                    /usr/lib/jvm/java-6-openjdk/jre/lib/amd64/libnpt.so
7f5aba1e4000-7f5aba1e5000 rw-p 00003000 08:06 6816324                    /usr/lib/jvm/java-6-openjdk/jre/lib/amd64/libnpt.so
7f5aba1e5000-7f5aba21f000 r-xp 00000000 08:06 6816323                    /usr/lib/jvm/java-6-openjdk/jre/lib/amd64/libjdwp.so
7f5aba21f000-7f5aba41e000 ---p 0003a000 08:06 6816323                    /usr/lib/jvm/java-6-openjdk/jre/lib/amd64/libjdwp.so
7f5aba41e000-7f5aba41f000 r--p 00039000 08:06 6816323                    /usr/lib/jvm/java-6-openjdk/jre/lib/amd64/libjdwp.so
7f5aba41f000-7f5aba420000 rw-p 0003a000 08:06 6816323                    /usr/lib/jvm/java-6-openjdk/jre/lib/amd64/libjdwp.so
7f5aba420000-7f5aba44c000 r-xp 00000000 08:06 6816331                    /usr/lib/jvm/java-6-openjdk/jre/lib/amd64/libjava.so
7f5aba44c000-7f5aba64b000 ---p 0002c000 08:06 6816331                    /usr/lib/jvm/java-6-openjdk/jre/lib/amd64/libjava.so
7f5aba64b000-7f5aba64c000 r--p 0002b000 08:06 6816331                    /usr/lib/jvm/java-6-openjdk/jre/lib/amd64/libjava.so
7f5aba64c000-7f5aba64f000 rw-p 0002c000 08:06 6816331                    /usr/lib/jvm/java-6-openjdk/jre/lib/amd64/libjava.so
7f5aba64f000-7f5aba65d000 r-xp 00000000 08:06 6816317                    /usr/lib/jvm/java-6-openjdk/jre/lib/amd64/libverify.so
7f5aba65d000-7f5aba85c000 ---p 0000e000 08:06 6816317                    /usr/lib/jvm/java-6-openjdk/jre/lib/amd64/libverify.so
7f5aba85c000-7f5aba85e000 r--p 0000d000 08:06 6816317                    /usr/lib/jvm/java-6-openjdk/jre/lib/amd64/libverify.so
7f5aba85e000-7f5aba85f000 rw-p 0000f000 08:06 6816317                    /usr/lib/jvm/java-6-openjdk/jre/lib/amd64/libverify.so
7f5aba85f000-7f5aba866000 r-xp 00000000 08:06 7737094                    /lib/x86_64-linux-gnu/librt-2.13.so
7f5aba866000-7f5abaa65000 ---p 00007000 08:06 7737094                    /lib/x86_64-linux-gnu/librt-2.13.so
7f5abaa65000-7f5abaa66000 r--p 00006000 08:06 7737094                    /lib/x86_64-linux-gnu/librt-2.13.so
7f5abaa66000-7f5abaa67000 rw-p 00007000 08:06 7737094                    /lib/x86_64-linux-gnu/librt-2.13.so
7f5abaa67000-7f5abaa7c000 r-xp 00000000 08:06 7737051                    /lib/x86_64-linux-gnu/libgcc_s.so.1
7f5abaa7c000-7f5abac7b000 ---p 00015000 08:06 7737051                    /lib/x86_64-linux-gnu/libgcc_s.so.1
7f5abac7b000-7f5abac7c000 r--p 00014000 08:06 7737051                    /lib/x86_64-linux-gnu/libgcc_s.so.1
7f5abac7c000-7f5abac7d000 rw-p 00015000 08:06 7737051                    /lib/x86_64-linux-gnu/libgcc_s.so.1
7f5abac7d000-7f5abad00000 r-xp 00000000 08:06 7737060                    /lib/x86_64-linux-gnu/libm-2.13.so
7f5abad00000-7f5abaeff000 ---p 00083000 08:06 7737060                    /lib/x86_64-linux-gnu/libm-2.13.so
7f5abaeff000-7f5abaf00000 r--p 00082000 08:06 7737060                    /lib/x86_64-linux-gnu/libm-2.13.so
7f5abaf00000-7f5abaf01000 rw-p 00083000 08:06 7737060                    /lib/x86_64-linux-gnu/libm-2.13.so
7f5abaf01000-7f5abafe9000 r-xp 00000000 08:06 5905681                    /usr/lib/x86_64-linux-gnu/libstdc++.so.6.0.16
7f5abafe9000-7f5abb1e9000 ---p 000e8000 08:06 5905681                    /usr/lib/x86_64-linux-gnu/libstdc++.so.6.0.16
7f5abb1e9000-7f5abb1f1000 r--p 000e8000 08:06 5905681                    /usr/lib/x86_64-linux-gnu/libstdc++.so.6.0.16
7f5abb1f1000-7f5abb1f3000 rw-p 000f0000 08:06 5905681                    /usr/lib/x86_64-linux-gnu/libstdc++.so.6.0.16
7f5abb1f3000-7f5abb208000 rw-p 00000000 00:00 0 
7f5abb208000-7f5abbb0b000 r-xp 00000000 08:06 7216438                    /usr/lib/jvm/java-6-openjdk/jre/lib/amd64/server/libjvm.so
7f5abbb0b000-7f5abbd0a000 ---p 00903000 08:06 7216438                    /usr/lib/jvm/java-6-openjdk/jre/lib/amd64/server/libjvm.so
7f5abbd0a000-7f5abbd8b000 r--p 00902000 08:06 7216438                    /usr/lib/jvm/java-6-openjdk/jre/lib/amd64/server/libjvm.so
7f5abbd8b000-7f5abbda6000 rw-p 00983000 08:06 7216438                    /usr/lib/jvm/java-6-openjdk/jre/lib/amd64/server/libjvm.so
7f5abbda6000-7f5abbdcf000 rw-p 00000000 00:00 0 
7f5abbdcf000-7f5abbde6000 r-xp 00000000 08:06 7737113                    /lib/x86_64-linux-gnu/libz.so.1.2.3.4
7f5abbde6000-7f5abbfe5000 ---p 00017000 08:06 7737113                    /lib/x86_64-linux-gnu/libz.so.1.2.3.4
7f5abbfe5000-7f5abbfe6000 r--p 00016000 08:06 7737113                    /lib/x86_64-linux-gnu/libz.so.1.2.3.4
7f5abbfe6000-7f5abbfe7000 rw-p 00017000 08:06 7737113                    /lib/x86_64-linux-gnu/libz.so.1.2.3.4
7f5abbfe7000-7f5abc17c000 r-xp 00000000 08:06 7737030                    /lib/x86_64-linux-gnu/libc-2.13.so
7f5abc17c000-7f5abc37b000 ---p 00195000 08:06 7737030                    /lib/x86_64-linux-gnu/libc-2.13.so
7f5abc37b000-7f5abc37f000 r--p 00194000 08:06 7737030                    /lib/x86_64-linux-gnu/libc-2.13.so
7f5abc37f000-7f5abc380000 rw-p 00198000 08:06 7737030                    /lib/x86_64-linux-gnu/libc-2.13.so
7f5abc380000-7f5abc386000 rw-p 00000000 00:00 0 
7f5abc386000-7f5abc388000 r-xp 00000000 08:06 7737041                    /lib/x86_64-linux-gnu/libdl-2.13.so
7f5abc388000-7f5abc588000 ---p 00002000 08:06 7737041                    /lib/x86_64-linux-gnu/libdl-2.13.so
7f5abc588000-7f5abc589000 r--p 00002000 08:06 7737041                    /lib/x86_64-linux-gnu/libdl-2.13.so
7f5abc589000-7f5abc58a000 rw-p 00003000 08:06 7737041                    /lib/x86_64-linux-gnu/libdl-2.13.so
7f5abc58a000-7f5abc58e000 r-xp 00000000 08:06 7082296                    /usr/lib/jvm/java-6-openjdk/jre/lib/amd64/jli/libjli.so
7f5abc58e000-7f5abc78d000 ---p 00004000 08:06 7082296                    /usr/lib/jvm/java-6-openjdk/jre/lib/amd64/jli/libjli.so
7f5abc78d000-7f5abc78e000 r--p 00003000 08:06 7082296                    /usr/lib/jvm/java-6-openjdk/jre/lib/amd64/jli/libjli.so
7f5abc78e000-7f5abc78f000 rw-p 00004000 08:06 7082296                    /usr/lib/jvm/java-6-openjdk/jre/lib/amd64/jli/libjli.so
7f5abc78f000-7f5abc7a7000 r-xp 00000000 08:06 7737090                    /lib/x86_64-linux-gnu/libpthread-2.13.so
7f5abc7a7000-7f5abc9a6000 ---p 00018000 08:06 7737090                    /lib/x86_64-linux-gnu/libpthread-2.13.so
7f5abc9a6000-7f5abc9a7000 r--p 00017000 08:06 7737090                    /lib/x86_64-linux-gnu/libpthread-2.13.so
7f5abc9a7000-7f5abc9a8000 rw-p 00018000 08:06 7737090                    /lib/x86_64-linux-gnu/libpthread-2.13.so
7f5abc9a8000-7f5abc9ac000 rw-p 00000000 00:00 0 
7f5abc9ac000-7f5abc9cd000 r-xp 00000000 08:06 7737017                    /lib/x86_64-linux-gnu/ld-2.13.so
7f5abc9e1000-7f5abc9eb000 rw-p 00000000 00:00 0 
7f5abc9eb000-7f5abcaa1000 rw-p 00000000 00:00 0 
7f5abcaa1000-7f5abcaa4000 ---p 00000000 00:00 0 
7f5abcaa4000-7f5abcba7000 rw-p 00000000 00:00 0 
7f5abcbc0000-7f5abcbc8000 rw-s 00000000 08:06 4456479                    /tmp/hsperfdata_statuskwo5/6571
7f5abcbc8000-7f5abcbc9000 rw-p 00000000 00:00 0 
7f5abcbc9000-7f5abcbca000 r--p 00000000 00:00 0 
7f5abcbca000-7f5abcbcc000 rw-p 00000000 00:00 0 
7f5abcbcc000-7f5abcbcd000 r--p 00020000 08:06 7737017                    /lib/x86_64-linux-gnu/ld-2.13.so
7f5abcbcd000-7f5abcbcf000 rw-p 00021000 08:06 7737017                    /lib/x86_64-linux-gnu/ld-2.13.so
7fff1022b000-7fff1024c000 rw-p 00000000 00:00 0                          [stack]
7fff102c1000-7fff102c2000 r-xp 00000000 00:00 0                          [vdso]
ffffffffff600000-ffffffffff601000 r-xp 00000000 00:00 0                  [vsyscall]

VM Arguments:
jvm_args: -agentlib:jdwp=transport=dt_socket,suspend=y,address=localhost:42526 -Dfile.encoding=UTF-8 -Xbootclasspath:/home/statuskwo5/android-sdk-linux_x86/platforms/android-8/android.jar 
java_command: player.AI
Launcher Type: SUN_STANDARD

Environment Variables:
PATH=/usr/lib/lightdm/lightdm:/usr/local/sbin:/usr/local/bin:/usr/sbin:/usr/bin:/sbin:/bin:/usr/games
USERNAME=statuskwo5
LD_LIBRARY_PATH=/usr/lib/jvm/java-6-openjdk/jre/lib/amd64/server:/usr/lib/jvm/java-6-openjdk/jre/lib/amd64:/usr/lib/jvm/java-6-openjdk/jre/../lib/amd64
SHELL=/bin/bash
DISPLAY=:0.0

Signal Handlers:
SIGSEGV: [libjvm.so+0x783e60], sa_mask[0]=0x7ffbfeff, sa_flags=0x10000004
SIGBUS: [libjvm.so+0x783e60], sa_mask[0]=0x7ffbfeff, sa_flags=0x10000004
SIGFPE: [libjvm.so+0x6485c0], sa_mask[0]=0x7ffbfeff, sa_flags=0x10000004
SIGPIPE: [libjvm.so+0x6485c0], sa_mask[0]=0x7ffbfeff, sa_flags=0x10000004
SIGXFSZ: [libjvm.so+0x6485c0], sa_mask[0]=0x7ffbfeff, sa_flags=0x10000004
SIGILL: [libjvm.so+0x6485c0], sa_mask[0]=0x7ffbfeff, sa_flags=0x10000004
SIGUSR1: SIG_DFL, sa_mask[0]=0x00000000, sa_flags=0x00000000
SIGUSR2: [libjvm.so+0x648770], sa_mask[0]=0x00000004, sa_flags=0x10000004
SIGHUP: SIG_DFL, sa_mask[0]=0x00000000, sa_flags=0x00000000
SIGINT: SIG_DFL, sa_mask[0]=0x00000000, sa_flags=0x00000000
SIGTERM: SIG_DFL, sa_mask[0]=0x00000000, sa_flags=0x00000000
SIGQUIT: SIG_DFL, sa_mask[0]=0x00000000, sa_flags=0x00000000


---------------  S Y S T E M  ---------------

OS:Ubuntu 11.10 (oneiric)
uname:Linux 3.0.0-14-generic #23-Ubuntu SMP Mon Nov 21 20:28:43 UTC 2011 x86_64
libc:glibc 2.13 NPTL 2.13 
rlimit: STACK 8192k, CORE 0k, NPROC 29005, NOFILE 4096, AS infinity
load average:0.64 0.27 0.31

/proc/meminfo:
MemTotal:        3794432 kB
MemFree:          881884 kB
Buffers:           49060 kB
Cached:          1830116 kB
SwapCached:         3636 kB
Active:          1490024 kB
Inactive:        1174248 kB
Active(anon):     586912 kB
Inactive(anon):   208116 kB
Active(file):     903112 kB
Inactive(file):   966132 kB
Unevictable:           0 kB
Mlocked:               0 kB
SwapTotal:       3922940 kB
SwapFree:        3917260 kB
Dirty:               800 kB
Writeback:             0 kB
AnonPages:        781924 kB
Mapped:           150156 kB
Shmem:              9892 kB
Slab:              92804 kB
SReclaimable:      71152 kB
SUnreclaim:        21652 kB
KernelStack:        2640 kB
PageTables:        23996 kB
NFS_Unstable:          0 kB
Bounce:                0 kB
WritebackTmp:          0 kB
CommitLimit:     5820156 kB
Committed_AS:    2189108 kB
VmallocTotal:   34359738367 kB
VmallocUsed:       68760 kB
VmallocChunk:   34359666824 kB
HardwareCorrupted:     0 kB
AnonHugePages:         0 kB
HugePages_Total:       0
HugePages_Free:        0
HugePages_Rsvd:        0
HugePages_Surp:        0
Hugepagesize:       2048 kB
DirectMap4k:      111616 kB
DirectMap2M:     1722368 kB
DirectMap1G:     2097152 kB


CPU:total 2 (2 cores per cpu, 1 threads per core) family 16 model 6 stepping 3, cmov, cx8, fxsr, mmx, sse, sse2, sse3, popcnt, mmxext, 3dnow, 3dnowext, lzcnt, sse4a

Memory: 4k page, physical 3794432k(881760k free), swap 3922940k(3917260k free)

vm_info: OpenJDK 64-Bit Server VM (20.0-b11) for linux-amd64 JRE (1.6.0_23-b23), built on Oct 22 2011 01:00:57 by "buildd" with gcc 4.6.1

time: Thu Dec 15 14:17:55 2011
elapsed time: 0 seconds

